# JRE version: OpenJDK Runtime Environment Temurin-21.0.8+9 (21.0.8+9) (build 21.0.8+9-LTS)
# Java VM: OpenJDK 64-Bit Server VM Temurin-21.0.8+9 (21.0.8+9-LTS, mixed mode, sharing, tiered, compressed oops, compressed class ptrs, parallel gc, windows-amd64)
GC Precious Log:
 CardTable entry size: 512
 CPUs: 4 total, 4 available
 Memory: 7881M
 Large Page Support: Disabled
 NUMA Support: Disabled
 Compressed Oops: Enabled (32-bit)
 Alignments: Space 512K, Generation 512K, Heap 2M
 Heap Min Capacity: 100M
 Heap Initial Capacity: 100M
 Heap Max Capacity: 2G
 Pre-touch: Disabled
 Parallel Workers: 4
Heap:
 PSYoungGen      total 5120K, used 1565K [0x00000000d5580000, 0x00000000d5b80000, 0x0000000100000000)
  eden space 4096K, 27% used [0x00000000d5580000,0x00000000d569a2b0,0x00000000d5980000)
  from space 1024K, 42% used [0x00000000d5980000,0x00000000d59ed200,0x00000000d5a80000)
  to   space 1024K, 0% used [0x00000000d5a80000,0x00000000d5a80000,0x00000000d5b80000)
 ParOldGen       total 746496K, used 746053K [0x0000000080000000, 0x00000000ad900000, 0x00000000d5580000)
  object space 746496K, 99% used [0x0000000080000000,0x00000000ad8917f8,0x00000000ad900000)
 Metaspace       used 85033K, committed 86848K, reserved 1179648K
  class space    used 8750K, committed 9600K, reserved 1048576K
GC Heap History (20 events):
Event: 1529.097 GC heap before
{Heap before GC invocations=786 (full 4):
 PSYoungGen      total 4608K, used 4608K [0x00000000d5580000, 0x00000000d6280000, 0x0000000100000000)
  eden space 2560K, 100% used [0x00000000d5580000,0x00000000d5800000,0x00000000d5800000)
  from space 2048K, 100% used [0x00000000d5800000,0x00000000d5a00000,0x00000000d5a00000)
  to   space 5120K, 0% used [0x00000000d5d80000,0x00000000d5d80000,0x00000000d6280000)
 ParOldGen       total 734208K, used 725605K [0x0000000080000000, 0x00000000acd00000, 0x00000000d5580000)
  object space 734208K, 98% used [0x0000000080000000,0x00000000ac499428,0x00000000acd00000)
 Metaspace       used 84995K, committed 86848K, reserved 1179648K
  class space    used 8750K, committed 9600K, reserved 1048576K
}
Event: 1529.103 GC heap after
{Heap after GC invocations=786 (full 4):
 PSYoungGen      total 5632K, used 2560K [0x00000000d5580000, 0x00000000d6000000, 0x0000000100000000)
  eden space 3072K, 0% used [0x00000000d5580000,0x00000000d5580000,0x00000000d5880000)
  from space 2560K, 100% used [0x00000000d5d80000,0x00000000d6000000,0x00000000d6000000)
  to   space 3584K, 0% used [0x00000000d5900000,0x00000000d5900000,0x00000000d5c80000)
 ParOldGen       total 734208K, used 727677K [0x0000000080000000, 0x00000000acd00000, 0x00000000d5580000)
  object space 734208K, 99% used [0x0000000080000000,0x00000000ac69f428,0x00000000acd00000)
 Metaspace       used 84995K, committed 86848K, reserved 1179648K
  class space    used 8750K, committed 9600K, reserved 1048576K
}
Event: 1529.112 GC heap before
{Heap before GC invocations=787 (full 4):
 PSYoungGen      total 5632K, used 5610K [0x00000000d5580000, 0x00000000d6000000, 0x0000000100000000)
  eden space 3072K, 99% used [0x00000000d5580000,0x00000000d587abe8,0x00000000d5880000)
  from space 2560K, 100% used [0x00000000d5d80000,0x00000000d6000000,0x00000000d6000000)
  to   space 3584K, 0% used [0x00000000d5900000,0x00000000d5900000,0x00000000d5c80000)
 ParOldGen       total 734208K, used 727677K [0x0000000080000000, 0x00000000acd00000, 0x00000000d5580000)
  object space 734208K, 99% used [0x0000000080000000,0x00000000ac69f428,0x00000000acd00000)
 Metaspace       used 84995K, committed 86848K, reserved 1179648K
  class space    used 8750K, committed 9600K, reserved 1048576K
}
Event: 1529.119 GC heap after
{Heap after GC invocations=787 (full 4):
 PSYoungGen      total 7168K, used 2832K [0x00000000d5580000, 0x00000000d5f80000, 0x0000000100000000)
  eden space 3584K, 0% used [0x00000000d5580000,0x00000000d5580000,0x00000000d5900000)
  from space 3584K, 79% used [0x00000000d5900000,0x00000000d5bc4000,0x00000000d5c80000)
  to   space 3072K, 0% used [0x00000000d5c80000,0x00000000d5c80000,0x00000000d5f80000)
 ParOldGen       total 734208K, used 730205K [0x0000000080000000, 0x00000000acd00000, 0x00000000d5580000)
  object space 734208K, 99% used [0x0000000080000000,0x00000000ac917428,0x00000000acd00000)
 Metaspace       used 84995K, committed 86848K, reserved 1179648K
  class space    used 8750K, committed 9600K, reserved 1048576K
}
Event: 1529.141 GC heap before
{Heap before GC invocations=788 (full 4):
 PSYoungGen      total 7168K, used 6416K [0x00000000d5580000, 0x00000000d5f80000, 0x0000000100000000)
  eden space 3584K, 100% used [0x00000000d5580000,0x00000000d5900000,0x00000000d5900000)
  from space 3584K, 79% used [0x00000000d5900000,0x00000000d5bc4000,0x00000000d5c80000)
  to   space 3072K, 0% used [0x00000000d5c80000,0x00000000d5c80000,0x00000000d5f80000)
 ParOldGen       total 734208K, used 730205K [0x0000000080000000, 0x00000000acd00000, 0x00000000d5580000)
  object space 734208K, 99% used [0x0000000080000000,0x00000000ac917428,0x00000000acd00000)
 Metaspace       used 84996K, committed 86848K, reserved 1179648K
  class space    used 8750K, committed 9600K, reserved 1048576K
}
Event: 1529.155 GC heap after
{Heap after GC invocations=788 (full 4):
 PSYoungGen      total 7168K, used 2208K [0x00000000d5580000, 0x00000000d5f00000, 0x0000000100000000)
  eden space 4608K, 0% used [0x00000000d5580000,0x00000000d5580000,0x00000000d5a00000)
  from space 2560K, 86% used [0x00000000d5c80000,0x00000000d5ea8000,0x00000000d5f00000)
  to   space 2560K, 0% used [0x00000000d5a00000,0x00000000d5a00000,0x00000000d5c80000)
 ParOldGen       total 734208K, used 732845K [0x0000000080000000, 0x00000000acd00000, 0x00000000d5580000)
  object space 734208K, 99% used [0x0000000080000000,0x00000000acbab428,0x00000000acd00000)
 Metaspace       used 84996K, committed 86848K, reserved 1179648K
  class space    used 8750K, committed 9600K, reserved 1048576K
}
Event: 1529.212 GC heap before
{Heap before GC invocations=789 (full 4):
 PSYoungGen      total 7168K, used 6579K [0x00000000d5580000, 0x00000000d5f00000, 0x0000000100000000)
  eden space 4608K, 94% used [0x00000000d5580000,0x00000000d59c4d80,0x00000000d5a00000)
  from space 2560K, 86% used [0x00000000d5c80000,0x00000000d5ea8000,0x00000000d5f00000)
  to   space 2560K, 0% used [0x00000000d5a00000,0x00000000d5a00000,0x00000000d5c80000)
 ParOldGen       total 734208K, used 732845K [0x0000000080000000, 0x00000000acd00000, 0x00000000d5580000)
  object space 734208K, 99% used [0x0000000080000000,0x00000000acbab428,0x00000000acd00000)
 Metaspace       used 84996K, committed 86848K, reserved 1179648K
  class space    used 8750K, committed 9600K, reserved 1048576K
}
Event: 1529.219 GC heap after
{Heap after GC invocations=789 (full 4):
 PSYoungGen      total 7168K, used 2532K [0x00000000d5580000, 0x00000000d6400000, 0x0000000100000000)
  eden space 4608K, 0% used [0x00000000d5580000,0x00000000d5580000,0x00000000d5a00000)
  from space 2560K, 98% used [0x00000000d5a00000,0x00000000d5c791e8,0x00000000d5c80000)
  to   space 4608K, 0% used [0x00000000d5f80000,0x00000000d5f80000,0x00000000d6400000)
 ParOldGen       total 734720K, used 734309K [0x0000000080000000, 0x00000000acd80000, 0x00000000d5580000)
  object space 734720K, 99% used [0x0000000080000000,0x00000000acd19428,0x00000000acd80000)
 Metaspace       used 84996K, committed 86848K, reserved 1179648K
  class space    used 8750K, committed 9600K, reserved 1048576K
}
Event: 1529.226 GC heap before
{Heap before GC invocations=790 (full 4):
 PSYoungGen      total 7168K, used 7140K [0x00000000d5580000, 0x00000000d6400000, 0x0000000100000000)
  eden space 4608K, 100% used [0x00000000d5580000,0x00000000d5a00000,0x00000000d5a00000)
  from space 2560K, 98% used [0x00000000d5a00000,0x00000000d5c791e8,0x00000000d5c80000)
  to   space 4608K, 0% used [0x00000000d5f80000,0x00000000d5f80000,0x00000000d6400000)
 ParOldGen       total 734720K, used 734309K [0x0000000080000000, 0x00000000acd80000, 0x00000000d5580000)
  object space 734720K, 99% used [0x0000000080000000,0x00000000acd19428,0x00000000acd80000)
 Metaspace       used 84996K, committed 86848K, reserved 1179648K
  class space    used 8750K, committed 9600K, reserved 1048576K
}
Event: 1529.259 GC heap after
{Heap after GC invocations=790 (full 4):
 PSYoungGen      total 6656K, used 4580K [0x00000000d5580000, 0x00000000d6b00000, 0x0000000100000000)
  eden space 2048K, 0% used [0x00000000d5580000,0x00000000d5580000,0x00000000d5780000)
  from space 4608K, 99% used [0x00000000d5f80000,0x00000000d63f91e8,0x00000000d6400000)
  to   space 8192K, 0% used [0x00000000d5780000,0x00000000d5780000,0x00000000d5f80000)
 ParOldGen       total 737280K, used 736905K [0x0000000080000000, 0x00000000ad000000, 0x00000000d5580000)
  object space 737280K, 99% used [0x0000000080000000,0x00000000acfa2610,0x00000000ad000000)
 Metaspace       used 84996K, committed 86848K, reserved 1179648K
  class space    used 8750K, committed 9600K, reserved 1048576K
}
Event: 1529.266 GC heap before
{Heap before GC invocations=791 (full 4):
 PSYoungGen      total 6656K, used 6628K [0x00000000d5580000, 0x00000000d6b00000, 0x0000000100000000)
  eden space 2048K, 100% used [0x00000000d5580000,0x00000000d5780000,0x00000000d5780000)
  from space 4608K, 99% used [0x00000000d5f80000,0x00000000d63f91e8,0x00000000d6400000)
  to   space 8192K, 0% used [0x00000000d5780000,0x00000000d5780000,0x00000000d5f80000)
 ParOldGen       total 737280K, used 736905K [0x0000000080000000, 0x00000000ad000000, 0x00000000d5580000)
  object space 737280K, 99% used [0x0000000080000000,0x00000000acfa2610,0x00000000ad000000)
 Metaspace       used 84996K, committed 86848K, reserved 1179648K
  class space    used 8750K, committed 9600K, reserved 1048576K
}
Event: 1529.274 GC heap after
{Heap after GC invocations=791 (full 4):
 PSYoungGen      total 4096K, used 2016K [0x00000000d5580000, 0x00000000d6000000, 0x0000000100000000)
  eden space 2048K, 0% used [0x00000000d5580000,0x00000000d5580000,0x00000000d5780000)
  from space 2048K, 98% used [0x00000000d5780000,0x00000000d5978000,0x00000000d5980000)
  to   space 4096K, 0% used [0x00000000d5c00000,0x00000000d5c00000,0x00000000d6000000)
 ParOldGen       total 741888K, used 741477K [0x0000000080000000, 0x00000000ad480000, 0x00000000d5580000)
  object space 741888K, 99% used [0x0000000080000000,0x00000000ad4197f8,0x00000000ad480000)
 Metaspace       used 84996K, committed 86848K, reserved 1179648K
  class space    used 8750K, committed 9600K, reserved 1048576K
}
Event: 1529.288 GC heap before
{Heap before GC invocations=792 (full 4):
 PSYoungGen      total 4096K, used 3994K [0x00000000d5580000, 0x00000000d6000000, 0x0000000100000000)
  eden space 2048K, 96% used [0x00000000d5580000,0x00000000d576eb30,0x00000000d5780000)
  from space 2048K, 98% used [0x00000000d5780000,0x00000000d5978000,0x00000000d5980000)
  to   space 4096K, 0% used [0x00000000d5c00000,0x00000000d5c00000,0x00000000d6000000)
 ParOldGen       total 741888K, used 741477K [0x0000000080000000, 0x00000000ad480000, 0x00000000d5580000)
  object space 741888K, 99% used [0x0000000080000000,0x00000000ad4197f8,0x00000000ad480000)
 Metaspace       used 84996K, committed 86848K, reserved 1179648K
  class space    used 8750K, committed 9600K, reserved 1048576K
}
Event: 1529.292 GC heap after
{Heap after GC invocations=792 (full 4):
 PSYoungGen      total 4608K, used 1648K [0x00000000d5580000, 0x00000000d5e00000, 0x0000000100000000)
  eden space 2560K, 0% used [0x00000000d5580000,0x00000000d5580000,0x00000000d5800000)
  from space 2048K, 80% used [0x00000000d5c00000,0x00000000d5d9c000,0x00000000d5e00000)
  to   space 2560K, 0% used [0x00000000d5900000,0x00000000d5900000,0x00000000d5b80000)
 ParOldGen       total 743936K, used 743453K [0x0000000080000000, 0x00000000ad680000, 0x00000000d5580000)
  object space 743936K, 99% used [0x0000000080000000,0x00000000ad6077f8,0x00000000ad680000)
 Metaspace       used 84996K, committed 86848K, reserved 1179648K
  class space    used 8750K, committed 9600K, reserved 1048576K
}
Event: 1530.028 GC heap before
{Heap before GC invocations=793 (full 4):
 PSYoungGen      total 4608K, used 4208K [0x00000000d5580000, 0x00000000d5e00000, 0x0000000100000000)
  eden space 2560K, 100% used [0x00000000d5580000,0x00000000d5800000,0x00000000d5800000)
  from space 2048K, 80% used [0x00000000d5c00000,0x00000000d5d9c000,0x00000000d5e00000)
  to   space 2560K, 0% used [0x00000000d5900000,0x00000000d5900000,0x00000000d5b80000)
 ParOldGen       total 743936K, used 743453K [0x0000000080000000, 0x00000000ad680000, 0x00000000d5580000)
  object space 743936K, 99% used [0x0000000080000000,0x00000000ad6077f8,0x00000000ad680000)
 Metaspace       used 85000K, committed 86848K, reserved 1179648K
  class space    used 8750K, committed 9600K, reserved 1048576K
}
Event: 1530.031 GC heap after
{Heap after GC invocations=793 (full 4):
 PSYoungGen      total 4608K, used 1488K [0x00000000d5580000, 0x00000000d5c80000, 0x0000000100000000)
  eden space 3072K, 0% used [0x00000000d5580000,0x00000000d5580000,0x00000000d5880000)
  from space 1536K, 96% used [0x00000000d5900000,0x00000000d5a74010,0x00000000d5a80000)
  to   space 2048K, 0% used [0x00000000d5a80000,0x00000000d5a80000,0x00000000d5c80000)
 ParOldGen       total 744960K, used 744733K [0x0000000080000000, 0x00000000ad780000, 0x00000000d5580000)
  object space 744960K, 99% used [0x0000000080000000,0x00000000ad7477f8,0x00000000ad780000)
 Metaspace       used 85000K, committed 86848K, reserved 1179648K
  class space    used 8750K, committed 9600K, reserved 1048576K
}
Event: 1530.350 GC heap before
{Heap before GC invocations=794 (full 4):
 PSYoungGen      total 4608K, used 4560K [0x00000000d5580000, 0x00000000d5c80000, 0x0000000100000000)
  eden space 3072K, 100% used [0x00000000d5580000,0x00000000d5880000,0x00000000d5880000)
  from space 1536K, 96% used [0x00000000d5900000,0x00000000d5a74010,0x00000000d5a80000)
  to   space 2048K, 0% used [0x00000000d5a80000,0x00000000d5a80000,0x00000000d5c80000)
 ParOldGen       total 744960K, used 744733K [0x0000000080000000, 0x00000000ad780000, 0x00000000d5580000)
  object space 744960K, 99% used [0x0000000080000000,0x00000000ad7477f8,0x00000000ad780000)
 Metaspace       used 85002K, committed 86848K, reserved 1179648K
  class space    used 8750K, committed 9600K, reserved 1048576K
}
Event: 1530.354 GC heap after
{Heap after GC invocations=794 (full 4):
 PSYoungGen      total 5120K, used 580K [0x00000000d5580000, 0x00000000d5b80000, 0x0000000100000000)
  eden space 4096K, 0% used [0x00000000d5580000,0x00000000d5580000,0x00000000d5980000)
  from space 1024K, 56% used [0x00000000d5a80000,0x00000000d5b11210,0x00000000d5b80000)
  to   space 1024K, 0% used [0x00000000d5980000,0x00000000d5980000,0x00000000d5a80000)
 ParOldGen       total 746496K, used 746021K [0x0000000080000000, 0x00000000ad900000, 0x00000000d5580000)
  object space 746496K, 99% used [0x0000000080000000,0x00000000ad8897f8,0x00000000ad900000)
 Metaspace       used 85002K, committed 86848K, reserved 1179648K
  class space    used 8750K, committed 9600K, reserved 1048576K
}
Event: 1530.516 GC heap before
{Heap before GC invocations=795 (full 4):
 PSYoungGen      total 5120K, used 4676K [0x00000000d5580000, 0x00000000d5b80000, 0x0000000100000000)
  eden space 4096K, 100% used [0x00000000d5580000,0x00000000d5980000,0x00000000d5980000)
  from space 1024K, 56% used [0x00000000d5a80000,0x00000000d5b11210,0x00000000d5b80000)
  to   space 1024K, 0% used [0x00000000d5980000,0x00000000d5980000,0x00000000d5a80000)
 ParOldGen       total 746496K, used 746021K [0x0000000080000000, 0x00000000ad900000, 0x00000000d5580000)
  object space 746496K, 99% used [0x0000000080000000,0x00000000ad8897f8,0x00000000ad900000)
 Metaspace       used 85014K, committed 86848K, reserved 1179648K
  class space    used 8750K, committed 9600K, reserved 1048576K
}
Event: 1530.518 GC heap after
{Heap after GC invocations=795 (full 4):
 PSYoungGen      total 5120K, used 436K [0x00000000d5580000, 0x00000000d5b80000, 0x0000000100000000)
  eden space 4096K, 0% used [0x00000000d5580000,0x00000000d5580000,0x00000000d5980000)
  from space 1024K, 42% used [0x00000000d5980000,0x00000000d59ed200,0x00000000d5a80000)
  to   space 1024K, 0% used [0x00000000d5a80000,0x00000000d5a80000,0x00000000d5b80000)
 ParOldGen       total 746496K, used 746053K [0x0000000080000000, 0x00000000ad900000, 0x00000000d5580000)
  object space 746496K, 99% used [0x0000000080000000,0x00000000ad8917f8,0x00000000ad900000)
 Metaspace       used 85014K, committed 86848K, reserved 1179648K
  class space    used 8750K, committed 9600K, reserved 1048576K
}

